\BOOKMARK [0][-]{section*.1}{Title Page}{}% 1
\BOOKMARK [0][-]{section*.3}{Certificate of Approval}{}% 2
\BOOKMARK [0][-]{section*.8}{Certificate by the Supervisors}{}% 3
\BOOKMARK [0][-]{section*.10}{Declaration}{}% 4
\BOOKMARK [0][-]{section*.11}{Acknowledgement}{}% 5
\BOOKMARK [0][-]{section*.13}{Abstract}{}% 6
\BOOKMARK [0][-]{section*.15}{Table of Contents}{}% 7
\BOOKMARK [0][-]{section*.16}{List of Figures}{}% 8
\BOOKMARK [0][-]{section*.17}{List of Tables}{}% 9
\BOOKMARK [0][-]{section*.18}{List of Abbreviations}{}% 10
\BOOKMARK [0][-]{section*.20}{List of Symbols}{}% 11
\BOOKMARK [0][-]{chapter.1}{Introduction}{}% 12
\BOOKMARK [1][-]{section.1.1}{Motivation}{chapter.1}% 13
\BOOKMARK [1][-]{section.1.2}{Background}{chapter.1}% 14
\BOOKMARK [1][-]{section.1.3}{Research Issues}{chapter.1}% 15
\BOOKMARK [1][-]{section.1.4}{Research Objectives}{chapter.1}% 16
\BOOKMARK [1][-]{section.1.5}{Contributions}{chapter.1}% 17
\BOOKMARK [1][-]{section.1.6}{Thesis Organization}{chapter.1}% 18
\BOOKMARK [1][-]{section.1.7}{Conclusions}{chapter.1}% 19
\BOOKMARK [0][-]{chapter.2}{Conclusions from the Thesis and Future Research Directions}{}% 20
\BOOKMARK [0][-]{section*.24}{Appendices}{}% 21
\BOOKMARK [0][-]{appendix.1.A}{Appendix 1}{}% 22
\BOOKMARK [1][-]{section.1.A.1}{Appendix Section 1}{appendix.1.A}% 23
\BOOKMARK [1][-]{section.1.A.2}{Appendix Section 2}{appendix.1.A}% 24
\BOOKMARK [0][-]{appendix.1.B}{Appendix-2 Title}{}% 25
\BOOKMARK [0][-]{section*.25}{Bibliography}{}% 26
\BOOKMARK [1][-]{appendix*.26}{References}{section*.25}% 27
\BOOKMARK [0][-]{section*.27}{Publications}{}% 28
\BOOKMARK [0][-]{section*.31}{Author Biography}{}% 29
